{"message":"Unauthorized request to path: /","level":"error"}
{"message":"Unauthorized request to path: /user","level":"error"}
{"message":"Unauthorized request to path: /review","level":"error"}
{"message":"User with id 6 was created","level":"info"}
{"message":"User with id 6 deleted","level":"info"}
{"message":"User with id 1 deleted","level":"info"}
{"message":"User with id 3 deleted","level":"info"}
{"message":"User with id 5 deleted","level":"info"}
{"message":"User with id 7 was created","level":"info"}
{"message":"User with id:8 doesn't exist","level":"info"}
{"message":"User with id 7 deleted","level":"info"}
{"message":"User with id:7 doesn't exist","level":"info"}
{"message":"User with id 9 was created","level":"info"}
{"message":"User with id 9 deleted","level":"info"}
{"message":"User with id 11 was created","level":"info"}
{"message":"User with id 11 deleted","level":"info"}
{"message":"User with id 13 was created","level":"info"}
{"message":"User with id 13 deleted","level":"info"}
{"message":"User with id:14 doesn't exist","level":"info"}
{"message":"User with id 15 deleted","level":"info"}
{"message":"User with id 16 deleted","level":"info"}
{"message":"User with id 17 deleted","level":"info"}
{"message":"User with id 18 deleted","level":"info"}
{"message":"User with id 19 deleted","level":"info"}
{"message":"User with id 20 deleted","level":"info"}
{"message":"User with id 21 deleted","level":"info"}
{"message":"User with id 22 deleted","level":"info"}
{"message":"User with id:22 doesn't exist","level":"info"}
{"message":"Beverage with 1 doesn't exist","level":"info"}
{"message":"Beverage with 1 doesn't exist","level":"info"}
{"message":"Beverage with id 2 deleted","level":"info"}
{"message":"Beverage with 123456 doesn't exist","level":"info"}
{"message":"Beverage with 123456 doesn't exist","level":"info"}
{"message":"Beverage with 123456 doesn't exist","level":"info"}
{"message":"Beverage with 123456 doesn't exist","level":"info"}
{"message":"Beverage with 123456 doesn't exist","level":"info"}
{"message":"Beverage with 123456 doesn't exist","level":"info"}
{"message":"Beverage with 123456 doesn't exist","level":"info"}
{"message":"Beverage with 2 doesn't exist","level":"info"}
{"message":"Beverage with 123456 doesn't exist","level":"info"}
{"message":"Beverage with 123456 doesn't exist","level":"info"}
{"message":"Beverage with 2 doesn't exist","level":"info"}
{"message":"Beverage with 123456 doesn't exist","level":"info"}
{"message":"Beverage with 3 doesn't exist","level":"info"}
{"message":"Beverage with 123456 doesn't exist","level":"info"}
{"message":"Beverage with 1 doesn't exist","level":"info"}
{"message":"Beverage with 123456 doesn't exist","level":"info"}
{"message":"Beverage with 2 doesn't exist","level":"info"}
{"message":"Beverage with 123456 doesn't exist","level":"info"}
{"message":"Beverage with 4 doesn't exist","level":"info"}
{"message":"Beverage with 123456 doesn't exist","level":"info"}
{"message":"Beverage with 2 doesn't exist","level":"info"}
{"message":"Beverage with 123456 doesn't exist","level":"info"}
{"message":"Beverage with 123456 doesn't exist","level":"info"}
{"message":"Beverage with 2 doesn't exist","level":"info"}
{"message":"Beverage with 123456 doesn't exist","level":"info"}
{"message":"Beverage with 123456 doesn't exist","level":"info"}
{"message":"Beverage with 2 doesn't exist","level":"info"}
{"message":"Beverage with 123456 doesn't exist","level":"info"}
{"message":"Beverage with 2 doesn't exist","level":"info"}
{"message":"Beverage with 123456 doesn't exist","level":"info"}
{"message":"Beverage with 2 doesn't exist","level":"info"}
{"message":"Beverage with 123456 doesn't exist","level":"info"}
{"message":"Beverage with 1 doesn't exist","level":"info"}
{"message":"Beverage with 2 doesn't exist","level":"info"}
{"message":"Beverage with 23 doesn't exist","level":"info"}
{"message":"Beverage with 4 doesn't exist","level":"info"}
{"message":"Beverage with 1 doesn't exist","level":"info"}
{"message":"Beverage with 2 doesn't exist","level":"info"}
{"message":"Beverage with 123456 doesn't exist","level":"info"}
{"message":"Beverage with 123456 doesn't exist","level":"info"}
{"message":"Beverage with 2 doesn't exist","level":"info"}
{"message":"Beverage with 123456 doesn't exist","level":"info"}
{"message":"Beverage with 2 doesn't exist","level":"info"}
{"message":"Beverage with 123456 doesn't exist","level":"info"}
{"message":"Beverage with 2 doesn't exist","level":"info"}
{"message":"Beverage with 123456 doesn't exist","level":"info"}
{"message":"Beverage with 2 doesn't exist","level":"info"}
{"message":"Beverage with 123456 doesn't exist","level":"info"}
{"message":"Beverage with 2 doesn't exist","level":"info"}
{"message":"Beverage with 123456 doesn't exist","level":"info"}
{"message":"Beverage with 2 doesn't exist","level":"info"}
{"message":"Beverage with 123456 doesn't exist","level":"info"}
{"message":"Beverage with 2 doesn't exist","level":"info"}
{"message":"Beverage with 123456 doesn't exist","level":"info"}
{"message":"Beverage with 2 doesn't exist","level":"info"}
{"message":"Beverage with 123456 doesn't exist","level":"info"}
{"message":"Beverage with 2 doesn't exist","level":"info"}
{"message":"Beverage with 123456 doesn't exist","level":"info"}
{"message":"Beverage with 2 doesn't exist","level":"info"}
{"message":"Beverage with 123456 doesn't exist","level":"info"}
{"message":"Beverage with 3 doesn't exist","level":"info"}
{"message":"Beverage with 123456 doesn't exist","level":"info"}
{"message":"Beverage with 2 doesn't exist","level":"info"}
{"message":"Beverage with 123456 doesn't exist","level":"info"}
{"message":"Beverage with 1 doesn't exist","level":"info"}
{"message":"Beverage with 123456 doesn't exist","level":"info"}
{"message":"Beverage with 2 doesn't exist","level":"info"}
{"message":"Beverage with 123456 doesn't exist","level":"info"}
{"message":"Beverage with 123456 doesn't exist","level":"info"}
{"message":"Beverage with 123456 doesn't exist","level":"info"}
{"message":"Beverage with 123456 doesn't exist","level":"info"}
{"message":"Beverage with 123456 doesn't exist","level":"info"}
{"message":"Beverage with 123456 doesn't exist","level":"info"}
{"message":"Beverage with 123456 doesn't exist","level":"info"}
{"message":"Beverage with 123456 doesn't exist","level":"info"}
{"message":"Beverage with 123456 doesn't exist","level":"info"}
{"message":"Beverage with 2 doesn't exist","level":"info"}
{"message":"Beverage with 123456 doesn't exist","level":"info"}
{"message":"Beverage with 2 doesn't exist","level":"info"}
{"message":"Beverage with 123456 doesn't exist","level":"info"}
{"message":"Beverage with 2 doesn't exist","level":"info"}
{"message":"Beverage with 123456 doesn't exist","level":"info"}
{"message":"Beverage with 2 doesn't exist","level":"info"}
{"message":"Beverage with 123456 doesn't exist","level":"info"}
{"message":"Beverage with 2 doesn't exist","level":"info"}
{"message":"Beverage with 123456 doesn't exist","level":"info"}
{"message":"Beverage with 2 doesn't exist","level":"info"}
{"message":"Beverage with 123456 doesn't exist","level":"info"}
{"message":"Beverage with 2 doesn't exist","level":"info"}
{"message":"Beverage with 123456 doesn't exist","level":"info"}
{"message":"Beverage with 2 doesn't exist","level":"info"}
{"message":"Beverage with 123456 doesn't exist","level":"info"}
{"message":"Beverage with 2 doesn't exist","level":"info"}
{"message":"Beverage with 123456 doesn't exist","level":"info"}
{"message":"Beverage with 2 doesn't exist","level":"info"}
{"message":"Beverage with 123456 doesn't exist","level":"info"}
{"message":"Beverage with 2 doesn't exist","level":"info"}
{"message":"Beverage with 123456 doesn't exist","level":"info"}
{"message":"Beverage with 123456 doesn't exist","level":"info"}
{"message":"Beverage with 123456 doesn't exist","level":"info"}
{"message":"Beverage with 123456 doesn't exist","level":"info"}
{"message":"User with id 25 deleted","level":"info"}
{"message":"User with id 26 deleted","level":"info"}
{"message":"User with id 27 deleted","level":"info"}
{"message":"User with id 28 deleted","level":"info"}
{"message":"User with id 29 deleted","level":"info"}
{"message":"User with id 31 deleted","level":"info"}
{"message":"User with id 33 deleted","level":"info"}
{"message":"Beverage with 123456 doesn't exist","level":"info"}
{"message":"Beverage with 123456 doesn't exist","level":"info"}
{"message":"Beverage with 123456 doesn't exist","level":"info"}
{"message":"User with id 1 deleted","level":"info"}
{"message":"User with id 2 deleted","level":"info"}
